<?xml version="1.0" encoding="UTF-8"?>
<!-- Generated by org.testng.reporters.JUnitReportReporter -->
<testsuite hostname="DESKTOP-52GCFRM" failures="0" tests="1" name="Practice.E2EProjectOne.validateTitle" time="0.732" errors="0" timestamp="2021-10-18T19:54:55 IST" skipped="0">
  <testcase classname="Practice.E2EProjectOne.validateTitle" name="ValidatPageTitleAfterLogin" time="0.732"/>
  <system-out/>
</testsuite> <!-- Practice.E2EProjectOne.validateTitle -->
