<?xml version="1.0" encoding="UTF-8"?>
<!-- Generated by org.testng.reporters.JUnitReportReporter -->
<testsuite hostname="DESKTOP-52GCFRM" failures="0" tests="1" name="Practice.E2EProjectOne.AppTest" time="0.010" errors="0" timestamp="2021-10-17T11:45:29 IST" skipped="0">
  <testcase classname="Practice.E2EProjectOne.AppTest" name="shouldAnswerWithTrue" time="0.010"/>
  <system-out/>
</testsuite> <!-- Practice.E2EProjectOne.AppTest -->
