<?xml version="1.0" encoding="UTF-8"?>
<!-- Generated by org.testng.reporters.JUnitReportReporter -->
<testsuite hostname="DESKTOP-52GCFRM" failures="0" tests="3" name="Practice.E2EProjectOne.HomePage" time="34.996" errors="0" timestamp="2021-10-18T19:54:55 IST" skipped="0">
  <testcase classname="Practice.E2EProjectOne.HomePage" name="basePageNavigationLogin" time="12.536"/>
  <system-out/>
  <testcase classname="Practice.E2EProjectOne.HomePage" name="basePageNavigationLogin" time="11.291"/>
  <system-out/>
  <testcase classname="Practice.E2EProjectOne.HomePage" name="basePageNavigationLogin" time="11.169"/>
  <system-out/>
</testsuite> <!-- Practice.E2EProjectOne.HomePage -->
